2020-08-12 12:00:02,918 INFO com.todo.ToDoApplication [restartedMain] Starting ToDoApplication on AGI-LT-908 with PID 12884 (D:\Learning\SpringBoot\ToDo\target\classes started by 00004545 in D:\Learning\SpringBoot\ToDo)
2020-08-12 12:00:02,922 INFO com.todo.ToDoApplication [restartedMain] No active profile set, falling back to default profiles: default
2020-08-12 12:00:04,617 ERROR org.apache.catalina.core.AprLifecycleListener [restartedMain] An incompatible version [1.2.8] of the APR based Apache Tomcat Native library is installed, while Tomcat requires version [1.2.14]
2020-08-12 12:00:04,801 ERROR org.apache.catalina.core.AprLifecycleListener [restartedMain] An incompatible version [1.2.8] of the APR based Apache Tomcat Native library is installed, while Tomcat requires version [1.2.14]
2020-08-12 12:00:04,957 ERROR org.apache.catalina.core.AprLifecycleListener [restartedMain] An incompatible version [1.2.8] of the APR based Apache Tomcat Native library is installed, while Tomcat requires version [1.2.14]
2020-08-12 12:00:04,959 INFO org.apache.catalina.core.StandardService [restartedMain] Starting service [Tomcat]
2020-08-12 12:00:04,960 INFO org.apache.catalina.core.StandardEngine [restartedMain] Starting Servlet engine: [Apache Tomcat/9.0.33]
2020-08-12 12:00:05,096 INFO org.apache.catalina.core.ContainerBase.[Tomcat].[localhost].[/myApp] [restartedMain] Initializing Spring embedded WebApplicationContext
2020-08-12 12:00:05,176 INFO com.zaxxer.hikari.HikariDataSource [restartedMain] HikariPool-1 - Starting...
2020-08-12 12:00:05,179 WARN com.zaxxer.hikari.util.DriverDataSource [restartedMain] Registered driver with driverClassName=oracle.jdbc.driver.OracleDriver was not found, trying direct instantiation.
2020-08-12 12:00:05,527 INFO com.zaxxer.hikari.HikariDataSource [restartedMain] HikariPool-1 - Start completed.
2020-08-12 12:00:05,821 INFO org.hibernate.jpa.internal.util.LogHelper [restartedMain] HHH000204: Processing PersistenceUnitInfo [name: default]
2020-08-12 12:00:05,923 INFO org.hibernate.Version [restartedMain] HHH000412: Hibernate ORM core version 5.4.12.Final
2020-08-12 12:00:06,139 INFO org.hibernate.annotations.common.Version [restartedMain] HCANN000001: Hibernate Commons Annotations {5.1.0.Final}
2020-08-12 12:00:06,326 INFO org.hibernate.dialect.Dialect [restartedMain] HHH000400: Using dialect: org.hibernate.dialect.Oracle12cDialect
2020-08-12 12:00:16,462 INFO org.hibernate.tuple.PojoInstantiator [restartedMain] HHH000182: No default (no-argument) constructor for class: com.todo.forms.LoginForm (class must be instantiated by Interceptor)
2020-08-12 12:00:16,585 INFO org.hibernate.engine.transaction.jta.platform.internal.JtaPlatformInitiator [restartedMain] HHH000490: Using JtaPlatform implementation: [org.hibernate.engine.transaction.jta.platform.internal.NoJtaPlatform]
2020-08-12 12:00:17,912 INFO com.todo.ToDoApplication [restartedMain] Started ToDoApplication in 15.562 seconds (JVM running for 16.562)
2020-08-12 12:00:27,641 INFO org.apache.catalina.core.ContainerBase.[Tomcat].[localhost].[/myApp] [http-nio-8080-exec-1] Initializing Spring DispatcherServlet 'dispatcherServlet'
2020-08-12 12:00:28,300 INFO com.todo.aspects.Aspects [http-nio-8080-exec-1] invoking method: execution(List com.todo.controller.ApplicationController.getTasks())
2020-08-12 12:00:28,307 INFO com.todo.aspects.Aspects [http-nio-8080-exec-1] invoking method *****: execution(List com.todo.daoImpl.TaskManagerDaoImpl.getAllTasks())
2020-08-12 12:00:28,333 INFO com.todo.aspects.Aspects [http-nio-8080-exec-1] invoking method afterAllDao *****: [Ljava.lang.Object;@35997a36
2020-08-12 12:01:14,692 INFO com.zaxxer.hikari.HikariDataSource [Thread-9] HikariPool-1 - Shutdown initiated...
2020-08-12 12:01:14,768 INFO com.zaxxer.hikari.HikariDataSource [Thread-9] HikariPool-1 - Shutdown completed.
